<?xml version="1.0" encoding="UTF-8"?>
<testsuite xmlns:xsi="http://www.w3.org/2001/XMLSchema-instance" xsi:noNamespaceSchemaLocation="https://maven.apache.org/surefire/maven-surefire-plugin/xsd/surefire-test-report.xsd" version="3.0.2" name="com.vertdrop_v2.VertDropV2ApplicationTests" time="17.276" tests="1" errors="0" skipped="0" failures="0">
  <properties>
[...]
</properties>
  <testcase name="contextLoads" classname="com.vertdrop_v2.VertDropV2ApplicationTests" time="0.027">
    <system-out><![CDATA[09:47:37.236 [main] INFO org.springframework.test.context.support.AnnotationConfigContextLoaderUtils -- Could not detect default configuration classes for test class [com.vertdrop_v2.VertDropV2ApplicationTests]: VertDropV2ApplicationTests does not declare any static, non-private, non-final, nested classes annotated with @Configuration.
09:47:37.562 [main] INFO org.springframework.boot.test.context.SpringBootTestContextBootstrapper -- Found @SpringBootConfiguration com.vertdrop_v2.VertDropV2Application for test class com.vertdrop_v2.VertDropV2ApplicationTests

  .   ____          _            __ _ _
 /\\ / ___'_ __ _ _(_)_ __  __ _ \ \ \ \
( ( )\___ | '_ | '_| | '_ \/ _` | \ \ \ \
 \\/  ___)| |_)| | | | | || (_| |  ) ) ) )
  '  |____| .__|_| |_|_| |_\__, | / / / /
 =========|_|==============|___/=/_/_/_/

 :: Spring Boot ::                (v3.5.7)

2026-01-05T09:47:38.788+01:00  INFO 23212 --- [VertDrop-SDMS] [           main] c.v.VertDropV2ApplicationTests           : Starting VertDropV2ApplicationTests using Java 17.0.12 with PID 23212 (started by ycode in C:\Java Projects\VertDrop_V2)
2026-01-05T09:47:38.790+01:00 DEBUG 23212 --- [VertDrop-SDMS] [           main] c.v.VertDropV2ApplicationTests           : Running with Spring Boot v3.5.7, Spring v6.2.12
2026-01-05T09:47:38.791+01:00  INFO 23212 --- [VertDrop-SDMS] [           main] c.v.VertDropV2ApplicationTests           : No active profile set, falling back to 1 default profile: "default"
2026-01-05T09:47:41.397+01:00  INFO 23212 --- [VertDrop-SDMS] [           main] .s.d.r.c.RepositoryConfigurationDelegate : Bootstrapping Spring Data JPA repositories in DEFAULT mode.
2026-01-05T09:47:41.615+01:00  INFO 23212 --- [VertDrop-SDMS] [           main] .s.d.r.c.RepositoryConfigurationDelegate : Finished Spring Data repository scanning in 183 ms. Found 11 JPA repository interfaces.
2026-01-05T09:47:42.553+01:00  INFO 23212 --- [VertDrop-SDMS] [           main] com.zaxxer.hikari.HikariDataSource       : HikariPool-1 - Starting...
2026-01-05T09:47:43.035+01:00  INFO 23212 --- [VertDrop-SDMS] [           main] com.zaxxer.hikari.pool.HikariPool        : HikariPool-1 - Added connection org.postgresql.jdbc.PgConnection@aca7766
2026-01-05T09:47:43.039+01:00  INFO 23212 --- [VertDrop-SDMS] [           main] com.zaxxer.hikari.HikariDataSource       : HikariPool-1 - Start completed.
2026-01-05T09:47:43.464+01:00  INFO 23212 --- [VertDrop-SDMS] [           main] liquibase.database                       : Set default schema name to public
2026-01-05T09:47:44.124+01:00  INFO 23212 --- [VertDrop-SDMS] [           main] liquibase.changelog                      : Reading from public.databasechangelog
2026-01-05T09:47:44.248+01:00  INFO 23212 --- [VertDrop-SDMS] [           main] liquibase.ui                             : Database is up to date, no changesets to execute
2026-01-05T09:47:44.250+01:00  INFO 23212 --- [VertDrop-SDMS] [           main] liquibase.changelog                      : Reading from public.databasechangelog
2026-01-05T09:47:44.276+01:00  INFO 23212 --- [VertDrop-SDMS] [           main] liquibase.util                           : UPDATE SUMMARY
2026-01-05T09:47:44.276+01:00  INFO 23212 --- [VertDrop-SDMS] [           main] liquibase.util                           : Run:                          0
2026-01-05T09:47:44.276+01:00  INFO 23212 --- [VertDrop-SDMS] [           main] liquibase.util                           : Previously run:              12
2026-01-05T09:47:44.276+01:00  INFO 23212 --- [VertDrop-SDMS] [           main] liquibase.util                           : Filtered out:                 0
2026-01-05T09:47:44.276+01:00  INFO 23212 --- [VertDrop-SDMS] [           main] liquibase.util                           : -------------------------------
2026-01-05T09:47:44.276+01:00  INFO 23212 --- [VertDrop-SDMS] [           main] liquibase.util                           : Total change sets:           12
2026-01-05T09:47:44.277+01:00  INFO 23212 --- [VertDrop-SDMS] [           main] liquibase.util                           : Update summary generated
2026-01-05T09:47:44.281+01:00  INFO 23212 --- [VertDrop-SDMS] [           main] liquibase.command                        : Command execution complete
2026-01-05T09:47:45.252+01:00  INFO 23212 --- [VertDrop-SDMS] [           main] o.hibernate.jpa.internal.util.LogHelper  : HHH000204: Processing PersistenceUnitInfo [name: default]
2026-01-05T09:47:45.406+01:00  INFO 23212 --- [VertDrop-SDMS] [           main] org.hibernate.Version                    : HHH000412: Hibernate ORM core version 6.6.33.Final
2026-01-05T09:47:45.486+01:00  INFO 23212 --- [VertDrop-SDMS] [           main] o.h.c.internal.RegionFactoryInitiator    : HHH000026: Second-level cache disabled
2026-01-05T09:47:45.722+01:00  INFO 23212 --- [VertDrop-SDMS] [           main] o.s.o.j.p.SpringPersistenceUnitInfo      : No LoadTimeWeaver setup: ignoring JPA class transformer
2026-01-05T09:47:45.822+01:00  WARN 23212 --- [VertDrop-SDMS] [           main] org.hibernate.orm.deprecation            : HHH90000025: PostgreSQLDialect does not need to be specified explicitly using 'hibernate.dialect' (remove the property setting and it will be selected by default)
2026-01-05T09:47:45.843+01:00  INFO 23212 --- [VertDrop-SDMS] [           main] org.hibernate.orm.connections.pooling    : HHH10001005: Database info:
	Database JDBC URL [Connecting through datasource 'HikariDataSource (HikariPool-1)']
	Database driver: undefined/unknown
	Database version: 17.2
	Autocommit mode: undefined/unknown
	Isolation level: undefined/unknown
	Minimum pool size: undefined/unknown
	Maximum pool size: undefined/unknown
2026-01-05T09:47:47.384+01:00  INFO 23212 --- [VertDrop-SDMS] [           main] o.h.e.t.j.p.i.JtaPlatformInitiator       : HHH000489: No JTA platform available (set 'hibernate.transaction.jta.platform' to enable JTA platform integration)
2026-01-05T09:47:47.384+01:00  INFO 23212 --- [VertDrop-SDMS] [           main] j.LocalContainerEntityManagerFactoryBean : Initialized JPA EntityManagerFactory for persistence unit 'default'
2026-01-05T09:47:48.001+01:00  INFO 23212 --- [VertDrop-SDMS] [           main] o.s.d.j.r.query.QueryEnhancerFactory     : Hibernate is in classpath; If applicable, HQL parser will be used.
2026-01-05T09:47:50.335+01:00  INFO 23212 --- [VertDrop-SDMS] [           main] eAuthenticationProviderManagerConfigurer : Global AuthenticationManager configured with AuthenticationProvider bean with name authenticationProvider
2026-01-05T09:47:50.337+01:00  WARN 23212 --- [VertDrop-SDMS] [           main] r$InitializeUserDetailsManagerConfigurer : Global AuthenticationManager configured with an AuthenticationProvider bean. UserDetailsService beans will not be used by Spring Security for automatically configuring username/password login. Consider removing the AuthenticationProvider bean. Alternatively, consider using the UserDetailsService in a manually instantiated DaoAuthenticationProvider. If the current configuration is intentional, to turn off this warning, increase the logging level of 'org.springframework.security.config.annotation.authentication.configuration.InitializeUserDetailsBeanManagerConfigurer' to ERROR
2026-01-05T09:47:50.952+01:00  WARN 23212 --- [VertDrop-SDMS] [           main] JpaBaseConfiguration$JpaWebConfiguration : spring.jpa.open-in-view is enabled by default. Therefore, database queries may be performed during view rendering. Explicitly configure spring.jpa.open-in-view to disable this warning
2026-01-05T09:47:52.375+01:00  INFO 23212 --- [VertDrop-SDMS] [           main] o.s.b.a.e.web.EndpointLinksResolver      : Exposing 2 endpoints beneath base path '/actuator'
2026-01-05T09:47:52.563+01:00 DEBUG 23212 --- [VertDrop-SDMS] [           main] o.s.s.web.DefaultSecurityFilterChain     : Will secure any request with filters: DisableEncodeUrlFilter, WebAsyncManagerIntegrationFilter, SecurityContextHolderFilter, HeaderWriterFilter, CorsFilter, LogoutFilter, OAuth2AuthorizationRequestRedirectFilter, OAuth2LoginAuthenticationFilter, JwtAuthenticationFilter, DefaultResourcesFilter, DefaultLoginPageGeneratingFilter, DefaultLogoutPageGeneratingFilter, RequestCacheAwareFilter, SecurityContextHolderAwareRequestFilter, AnonymousAuthenticationFilter, SessionManagementFilter, ExceptionTranslationFilter, AuthorizationFilter
2026-01-05T09:47:53.446+01:00  INFO 23212 --- [VertDrop-SDMS] [           main] c.v.VertDropV2ApplicationTests           : Started VertDropV2ApplicationTests in 15.391 seconds (process running for 20.428)
🔧 DataInitializer (Order 1): Initializing roles and users...
✅ Roles created/verified:  ROLE_MANAGER, ROLE_LIVREUR, ROLE_CLIENT
ℹ️  Admin user already exists
ℹ️  Livreur user already exists
ℹ️  Client user already exists
🎉 DataInitializer (Order 1) completed successfully!

2026-01-05T09:47:53.837+01:00  INFO 23212 --- [VertDrop-SDMS] [           main] c.v.config.BusinessDataInitializer       : ? --- Starting Business Data Initialization ---
2026-01-05T09:47:53.861+01:00  INFO 23212 --- [VertDrop-SDMS] [           main] c.v.config.BusinessDataInitializer       : ??  Business data already exists. Skipping initialization.
2026-01-05T09:47:53.861+01:00  INFO 23212 --- [VertDrop-SDMS] [           main] c.v.config.BusinessDataInitializer       : ? Checking user-entity linking...
2026-01-05T09:47:53.937+01:00  INFO 23212 --- [VertDrop-SDMS] [           main] c.v.config.PermissionInitializer         : ? --- Starting Permission Initialization ---
2026-01-05T09:47:53.938+01:00  INFO 23212 --- [VertDrop-SDMS] [           main] c.v.config.PermissionInitializer         : ?? Permissions already exist. Skipping initialization.
]]></system-out>
  </testcase>
</testsuite>