<?xml version="1.0" encoding="UTF-8"?>
<testsuite xmlns:xsi="http://www.w3.org/2001/XMLSchema-instance" xsi:noNamespaceSchemaLocation="https://maven.apache.org/surefire/maven-surefire-plugin/xsd/surefire-test-report.xsd" version="3.0.2" name="com.vertdrop_v2.service.impl.PermissionServiceImplTest" time="2.184" tests="7" errors="0" skipped="0" failures="0">
  <properties>
[...]
</properties>
  <testcase name="createPermission_whenNotExists_thenSaveAndReturnDTO" classname="com.vertdrop_v2.service.impl.PermissionServiceImplTest" time="2.1"/>
  <testcase name="findById_whenNotFound_thenEmpty" classname="com.vertdrop_v2.service.impl.PermissionServiceImplTest" time="0.008"/>
  <testcase name="createPermission_whenAlreadyExists_thenThrow" classname="com.vertdrop_v2.service.impl.PermissionServiceImplTest" time="0.006"/>
  <testcase name="deleteById_delegatesToRepository" classname="com.vertdrop_v2.service.impl.PermissionServiceImplTest" time="0.008"/>
  <testcase name="findAll_returnsDTOList" classname="com.vertdrop_v2.service.impl.PermissionServiceImplTest" time="0.005"/>
  <testcase name="findById_whenFound_thenReturnDTO" classname="com.vertdrop_v2.service.impl.PermissionServiceImplTest" time="0.0"/>
  <testcase name="findAll_whenEmpty_thenReturnEmptyList" classname="com.vertdrop_v2.service.impl.PermissionServiceImplTest" time="0.004"/>
</testsuite>